<?xml version="1.0" encoding="UTF-8"?>
<!-- Generated by org.testng.reporters.JUnitXMLReporter -->
<testsuite hostname="LAPTOP-D02KHG01" name="TestNgMavenTest" tests="2" failures="0" timestamp="1 Feb 2020 14:42:24 GMT" time="21.084" errors="0">
  <testcase name="exampleOfTestNgMaven" time="0.043" classname="com.javacodegeeks.testng.maven.TestNgMavenExample"/>
  <testcase name="oneMoreTest" time="21.006" classname="com.javacodegeeks.testng.maven.TestNgMavenSecondClass"/>
</testsuite> <!-- TestNgMavenTest -->
